<?xml version="1.0" encoding="UTF-8"?>
<!-- Generated by org.testng.reporters.JUnitXMLReporter -->
<testsuite hostname="DESKTOP-PDFKB5E" ignored="0" name="SearchRepositoryAPITests" tests="13" failures="3" timestamp="2024-01-05T03:37:08 GMT" time="5.138" errors="0">
  <testcase name="runScenario" time="3.733" classname="io.cucumber.testng.AbstractTestNGCucumberTests"/>
  <testcase name="runScenario" time="3.732" classname="io.cucumber.testng.AbstractTestNGCucumberTests"/>
  <testcase name="runScenario" time="3.733" classname="io.cucumber.testng.AbstractTestNGCucumberTests"/>
  <testcase name="runScenario" time="3.73" classname="io.cucumber.testng.AbstractTestNGCucumberTests"/>
  <testcase name="runScenario" time="3.733" classname="io.cucumber.testng.AbstractTestNGCucumberTests"/>
  <testcase name="runScenario" time="3.73" classname="io.cucumber.testng.AbstractTestNGCucumberTests"/>
  <testcase name="runScenario" time="3.824" classname="io.cucumber.testng.AbstractTestNGCucumberTests"/>
  <testcase name="runScenario" time="3.829" classname="io.cucumber.testng.AbstractTestNGCucumberTests"/>
  <testcase name="runScenario" time="3.846" classname="io.cucumber.testng.AbstractTestNGCucumberTests"/>
  <testcase name="runScenario" time="3.871" classname="io.cucumber.testng.AbstractTestNGCucumberTests"/>
  <testcase name="runScenario" time="0.256" classname="io.cucumber.testng.AbstractTestNGCucumberTests">
    <failure type="java.lang.AssertionError" message="expected [200] but found [403]">
      <![CDATA[java.lang.AssertionError: expected [200] but found [403]
at steps.searchSteps.verify_empty_list_for_nonexistent_repo(searchSteps.java:71)
at ✽.The Search Repository API returns response with empty search item(file:///C:/Users/Shalini/IdeaProjects/SearchRepo/src/test/resources/features/search.feature:62)
... Removed 6 stack frames]]>
    </failure>
  </testcase> <!-- runScenario -->
  <testcase name="runScenario" time="0.324" classname="io.cucumber.testng.AbstractTestNGCucumberTests">
    <failure type="java.lang.AssertionError" message="expected [200] but found [403]">
      <![CDATA[java.lang.AssertionError: expected [200] but found [403]
at steps.searchSteps.verify_empty_list_for_nonexistent_repo(searchSteps.java:71)
at ✽.The Search Repository API returns response with empty search item(file:///C:/Users/Shalini/IdeaProjects/SearchRepo/src/test/resources/features/search.feature:62)
... Removed 6 stack frames]]>
    </failure>
  </testcase> <!-- runScenario -->
  <testcase name="runScenario" time="0.756" classname="io.cucumber.testng.AbstractTestNGCucumberTests">
    <failure type="com.github.tomakehurst.wiremock.common.FatalStartupException" message="java.lang.RuntimeException: java.io.IOException: Failed to bind to /0.0.0.0:8080">
      <![CDATA[com.github.tomakehurst.wiremock.common.FatalStartupException: java.lang.RuntimeException: java.io.IOException: Failed to bind to /0.0.0.0:8080
at com.github.tomakehurst.wiremock.WireMockServer.start(WireMockServer.java:149)
at steps.searchSteps.the_mock_server_is_set_up_to_return_validation_error_for_an_invalid_query(searchSteps.java:33)
at ✽.the mock server is set up to return validation error for an invalid query(file:///C:/Users/Shalini/IdeaProjects/SearchRepo/src/test/resources/features/search.feature:69)
Caused by: java.lang.RuntimeException: java.io.IOException: Failed to bind to /0.0.0.0:8080
at com.github.tomakehurst.wiremock.jetty9.JettyHttpServer.start(JettyHttpServer.java:192)
at com.github.tomakehurst.wiremock.WireMockServer.start(WireMockServer.java:147)
at steps.searchSteps.the_mock_server_is_set_up_to_return_validation_error_for_an_invalid_query(searchSteps.java:33)
at io.cucumber.java.Invoker.doInvoke(Invoker.java:66)
at io.cucumber.java.Invoker.invoke(Invoker.java:24)
at io.cucumber.java.AbstractGlueDefinition.invokeMethod(AbstractGlueDefinition.java:47)
at io.cucumber.java.JavaStepDefinition.execute(JavaStepDefinition.java:29)
at io.cucumber.core.runner.CoreStepDefinition.execute(CoreStepDefinition.java:66)
at io.cucumber.core.runner.PickleStepDefinitionMatch.runStep(PickleStepDefinitionMatch.java:63)
at io.cucumber.core.runner.ExecutionMode$1.execute(ExecutionMode.java:10)
at io.cucumber.core.runner.TestStep.executeStep(TestStep.java:92)
at io.cucumber.core.runner.TestStep.run(TestStep.java:64)
at io.cucumber.core.runner.PickleStepTestStep.run(PickleStepTestStep.java:51)
at io.cucumber.core.runner.TestCase.run(TestCase.java:104)
at io.cucumber.core.runner.Runner.runPickle(Runner.java:73)
at io.cucumber.testng.TestNGCucumberRunner.lambda$runScenario$0(TestNGCucumberRunner.java:117)
at io.cucumber.core.runtime.CucumberExecutionContext.runTestCase(CucumberExecutionContext.java:117)
at io.cucumber.testng.TestNGCucumberRunner.runScenario(TestNGCucumberRunner.java:114)
at io.cucumber.testng.AbstractTestNGCucumberTests.runScenario(AbstractTestNGCucumberTests.java:31)
at java.util.concurrent.FutureTask.run(FutureTask.java:266)
at java.util.concurrent.Executors$RunnableAdapter.call(Executors.java:511)
at java.util.concurrent.FutureTask.run(FutureTask.java:266)
at java.util.concurrent.ThreadPoolExecutor.runWorker(ThreadPoolExecutor.java:1149)
at java.util.concurrent.ThreadPoolExecutor$Worker.run(ThreadPoolExecutor.java:624)
at java.lang.Thread.run(Thread.java:748)
Caused by: java.io.IOException: Failed to bind to /0.0.0.0:8080
at org.eclipse.jetty.server.ServerConnector.openAcceptChannel(ServerConnector.java:349)
at org.eclipse.jetty.server.ServerConnector.open(ServerConnector.java:310)
at org.eclipse.jetty.server.AbstractNetworkConnector.doStart(AbstractNetworkConnector.java:80)
at org.eclipse.jetty.server.ServerConnector.doStart(ServerConnector.java:234)
at org.eclipse.jetty.util.component.AbstractLifeCycle.start(AbstractLifeCycle.java:72)
at org.eclipse.jetty.server.Server.doStart(Server.java:386)
at org.eclipse.jetty.util.component.AbstractLifeCycle.start(AbstractLifeCycle.java:72)
at com.github.tomakehurst.wiremock.jetty9.JettyHttpServer.start(JettyHttpServer.java:190)
... 37 more
Caused by: java.net.BindException: Address already in use: bind
at sun.nio.ch.Net.bind0(Native Method)
at sun.nio.ch.Net.bind(Net.java:444)
at sun.nio.ch.Net.bind(Net.java:436)
at sun.nio.ch.ServerSocketChannelImpl.bind(ServerSocketChannelImpl.java:225)
at sun.nio.ch.ServerSocketAdaptor.bind(ServerSocketAdaptor.java:74)
at org.eclipse.jetty.server.ServerConnector.openAcceptChannel(ServerConnector.java:345)
... 44 more
... Removed 13 stack frames]]>
    </failure>
  </testcase> <!-- runScenario -->
</testsuite> <!-- SearchRepositoryAPITests -->
